build/app/intermediates/manifest_merge_blame_file/debug/manifest-merger-blame-debug-report.txt
1<?xml version="1.0" encoding="utf-8"?>
2<manifest xmlns:android="http://schemas.android.com/apk/res/android"
3    package="com.example.gym"
4    android:versionCode="1"
5    android:versionName="1.0.0" >
6
7    <uses-sdk
8        android:minSdkVersion="21"
9        android:targetSdkVersion="32" />
10    <!--
11         Flutter needs it to communicate with the running application
12         to allow setting breakpoints, to provide hot reload, etc.
13    -->
14    <uses-permission android:name="android.permission.INTERNET" />
14-->src/debug/AndroidManifest.xml:6:5-66
14-->src/debug/AndroidManifest.xml:6:22-64
15
16    <queries>
16-->src/main/AndroidManifest.xml:40:6-55:11
17
18        <!-- If your app checks for SMS support -->
19        <intent>
19-->src/main/AndroidManifest.xml:42:3-45:12
20            <action android:name="android.intent.action.VIEW" />
20-->src/main/AndroidManifest.xml:43:5-57
20-->src/main/AndroidManifest.xml:43:13-54
21
22            <data android:scheme="sms" />
22-->src/main/AndroidManifest.xml:44:5-34
22-->src/main/AndroidManifest.xml:44:11-31
23        </intent>
24        <!-- If your app checks for call support -->
25        <intent>
25-->src/main/AndroidManifest.xml:47:3-50:12
26            <action android:name="android.intent.action.VIEW" />
26-->src/main/AndroidManifest.xml:43:5-57
26-->src/main/AndroidManifest.xml:43:13-54
27
28            <data android:scheme="tel" />
28-->src/main/AndroidManifest.xml:44:5-34
28-->src/main/AndroidManifest.xml:44:11-31
29        </intent>
30        <!-- If your application checks for inAppBrowserView launch mode support -->
31        <intent>
31-->src/main/AndroidManifest.xml:52:3-54:12
32            <action android:name="android.support.customtabs.action.CustomTabsService" />
32-->src/main/AndroidManifest.xml:53:5-82
32-->src/main/AndroidManifest.xml:53:13-79
33        </intent>
34        <intent>
34-->[io.kommunicate.sdk:kommunicateui:2.9.6] AndroidManifest.xml:9:9-11:18
35            <action android:name="android.media.action.IMAGE_CAPTURE" />
35-->[io.kommunicate.sdk:kommunicateui:2.9.6] AndroidManifest.xml:10:13-73
35-->[io.kommunicate.sdk:kommunicateui:2.9.6] AndroidManifest.xml:10:21-70
36        </intent>
37        <intent>
37-->[io.kommunicate.sdk:kommunicateui:2.9.6] AndroidManifest.xml:14:9-16:18
38            <action android:name="android.speech.RecognitionService" />
38-->[io.kommunicate.sdk:kommunicateui:2.9.6] AndroidManifest.xml:15:13-72
38-->[io.kommunicate.sdk:kommunicateui:2.9.6] AndroidManifest.xml:15:21-69
39        </intent> <!-- Added to check if Chrome is installed for browser-based payment authentication (e.g. 3DS1). -->
40        <package android:name="com.android.chrome" /> <!-- Added to check the default browser that will host the AuthFlow. -->
40-->[com.stripe:payments-core:20.37.4] AndroidManifest.xml:11:9-54
40-->[com.stripe:payments-core:20.37.4] AndroidManifest.xml:11:18-51
41        <intent>
41-->[com.stripe:financial-connections:20.37.4] AndroidManifest.xml:13:9-17:18
42            <action android:name="android.intent.action.VIEW" />
42-->src/main/AndroidManifest.xml:43:5-57
42-->src/main/AndroidManifest.xml:43:13-54
43
44            <data android:scheme="http" />
44-->src/main/AndroidManifest.xml:44:5-34
44-->src/main/AndroidManifest.xml:44:11-31
45        </intent> <!-- Needs to be explicitly declared on Android R+ -->
46        <package android:name="com.google.android.apps.maps" />
46-->[com.google.android.gms:play-services-maps:18.0.2] AndroidManifest.xml:33:9-64
46-->[com.google.android.gms:play-services-maps:18.0.2] AndroidManifest.xml:33:18-61
47    </queries>
48
49    <uses-permission android:name="android.permission.WAKE_LOCK" />
49-->[:firebase_messaging] AndroidManifest.xml:10:5-68
49-->[:firebase_messaging] AndroidManifest.xml:10:22-65
50    <uses-permission android:name="android.permission.ACCESS_NETWORK_STATE" /> <!-- Permissions options for the `notification` group -->
50-->[:firebase_messaging] AndroidManifest.xml:11:5-79
50-->[:firebase_messaging] AndroidManifest.xml:11:22-76
51    <uses-permission android:name="android.permission.POST_NOTIFICATIONS" />
51-->[:firebase_messaging] AndroidManifest.xml:13:5-77
51-->[:firebase_messaging] AndroidManifest.xml:13:22-74
52    <uses-permission android:name="android.permission.RECEIVE_BOOT_COMPLETED" />
52-->[:flutter_local_notifications] AndroidManifest.xml:9:5-81
52-->[:flutter_local_notifications] AndroidManifest.xml:9:22-78
53    <uses-permission android:name="android.permission.VIBRATE" />
53-->[:flutter_local_notifications] AndroidManifest.xml:10:5-66
53-->[:flutter_local_notifications] AndroidManifest.xml:10:22-63
54    <uses-permission android:name="android.permission.USE_FULL_SCREEN_INTENT" />
54-->[:flutter_local_notifications] AndroidManifest.xml:11:5-81
54-->[:flutter_local_notifications] AndroidManifest.xml:11:22-78
55    <uses-permission android:name="android.permission.SCHEDULE_EXACT_ALARM" /> <!-- Required by older versions of Google Play services to create IID tokens -->
55-->[:flutter_local_notifications] AndroidManifest.xml:12:5-79
55-->[:flutter_local_notifications] AndroidManifest.xml:12:22-76
56    <uses-permission android:name="com.google.android.c2dm.permission.RECEIVE" />
56-->[com.google.firebase:firebase-iid:21.1.0] AndroidManifest.xml:26:5-82
56-->[com.google.firebase:firebase-iid:21.1.0] AndroidManifest.xml:26:22-79
57    <uses-permission android:name="com.google.android.gms.permission.AD_ID" />
57-->[com.google.android.gms:play-services-measurement-api:21.5.1] AndroidManifest.xml:25:5-79
57-->[com.google.android.gms:play-services-measurement-api:21.5.1] AndroidManifest.xml:25:22-76
58    <uses-permission android:name="android.permission.ACCESS_ADSERVICES_ATTRIBUTION" />
58-->[com.google.android.gms:play-services-measurement-api:21.5.1] AndroidManifest.xml:26:5-88
58-->[com.google.android.gms:play-services-measurement-api:21.5.1] AndroidManifest.xml:26:22-85
59    <uses-permission android:name="android.permission.ACCESS_ADSERVICES_AD_ID" />
59-->[com.google.android.gms:play-services-measurement-api:21.5.1] AndroidManifest.xml:27:5-82
59-->[com.google.android.gms:play-services-measurement-api:21.5.1] AndroidManifest.xml:27:22-79
60    <uses-permission android:name="com.google.android.providers.gsf.permission.READ_GSERVICES" />
60-->[com.google.android.recaptcha:recaptcha:18.4.0] AndroidManifest.xml:9:5-98
60-->[com.google.android.recaptcha:recaptcha:18.4.0] AndroidManifest.xml:9:22-95
61
62    <uses-feature
62-->[com.google.android.gms:play-services-maps:18.0.2] AndroidManifest.xml:26:5-28:35
63        android:glEsVersion="0x00020000"
63-->[com.google.android.gms:play-services-maps:18.0.2] AndroidManifest.xml:27:9-41
64        android:required="true" />
64-->[com.google.android.gms:play-services-maps:18.0.2] AndroidManifest.xml:28:9-32
65
66    <uses-permission android:name="com.google.android.finsky.permission.BIND_GET_INSTALL_REFERRER_SERVICE" />
66-->[com.google.android.gms:play-services-measurement:21.5.1] AndroidManifest.xml:26:5-110
66-->[com.google.android.gms:play-services-measurement:21.5.1] AndroidManifest.xml:26:22-107
67
68    <permission
68-->[androidx.core:core:1.12.0] AndroidManifest.xml:22:5-24:47
69        android:name="com.example.gym.DYNAMIC_RECEIVER_NOT_EXPORTED_PERMISSION"
69-->[androidx.core:core:1.12.0] AndroidManifest.xml:23:9-81
70        android:protectionLevel="signature" />
70-->[androidx.core:core:1.12.0] AndroidManifest.xml:24:9-44
71
72    <uses-permission android:name="com.example.gym.DYNAMIC_RECEIVER_NOT_EXPORTED_PERMISSION" />
72-->[androidx.core:core:1.12.0] AndroidManifest.xml:26:5-97
72-->[androidx.core:core:1.12.0] AndroidManifest.xml:26:22-94
73
74    <application
75        android:name="android.app.Application"
76        android:allowBackup="true"
76-->[io.kommunicate.sdk:kommunicateui:2.9.6] AndroidManifest.xml:20:9-35
77        android:appComponentFactory="androidx.core.app.CoreComponentFactory"
77-->[androidx.core:core:1.12.0] AndroidManifest.xml:28:18-86
78        android:debuggable="true"
79        android:icon="@mipmap/launcher_icon"
80        android:label="Gym Now"
81        android:supportsRtl="true" >
81-->[io.kommunicate.sdk:kommunicateui:2.9.6] AndroidManifest.xml:22:9-35
82        <activity
83            android:name="com.example.multi_store_app.MainActivity"
84            android:configChanges="orientation|keyboardHidden|keyboard|screenSize|smallestScreenSize|locale|layoutDirection|fontScale|screenLayout|density|uiMode"
85            android:exported="true"
86            android:hardwareAccelerated="true"
87            android:launchMode="singleTop"
88            android:theme="@style/Theme.AppCompat"
89            android:windowSoftInputMode="adjustResize" >
90
91            <!--
92                 Specifies an Android theme to apply to this Activity as soon as
93                 the Android process has started. This theme is visible to the user
94                 while the Flutter UI initializes. After that, this theme continues
95                 to determine the Window background behind the Flutter UI.
96            -->
97            <meta-data
98                android:name="io.flutter.embedding.android.NormalTheme"
99                android:resource="@style/NormalTheme" />
100            <meta-data
101                android:name="com.google.firebase.messaging.default_notification_channel_id"
102                android:value="high_importance_channel" />
103
104            <intent-filter>
105                <action android:name="android.intent.action.MAIN" />
106
107                <category android:name="android.intent.category.LAUNCHER" />
108            </intent-filter>
109        </activity>
110        <!--
111             Don't delete the meta-data below.
112             This is used by the Flutter tool to generate GeneratedPluginRegistrant.java
113        -->
114        <meta-data
115            android:name="flutterEmbedding"
116            android:value="2" />
117
118        <service
118-->[:cloud_firestore] AndroidManifest.xml:10:9-14:19
119            android:name="com.google.firebase.components.ComponentDiscoveryService"
119-->[:cloud_firestore] AndroidManifest.xml:10:18-89
120            android:directBootAware="true"
120-->[com.google.firebase:firebase-common:20.4.2] AndroidManifest.xml:32:13-43
121            android:exported="false" >
121-->[com.google.firebase:firebase-analytics-ktx:21.5.1] AndroidManifest.xml:10:13-37
122            <meta-data
122-->[:cloud_firestore] AndroidManifest.xml:11:13-13:85
123                android:name="com.google.firebase.components:io.flutter.plugins.firebase.firestore.FlutterFirebaseFirestoreRegistrar"
123-->[:cloud_firestore] AndroidManifest.xml:12:17-134
124                android:value="com.google.firebase.components.ComponentRegistrar" />
124-->[:cloud_firestore] AndroidManifest.xml:13:17-82
125            <meta-data
125-->[:firebase_auth] AndroidManifest.xml:11:13-13:85
126                android:name="com.google.firebase.components:io.flutter.plugins.firebase.auth.FlutterFirebaseAuthRegistrar"
126-->[:firebase_auth] AndroidManifest.xml:12:17-124
127                android:value="com.google.firebase.components.ComponentRegistrar" />
127-->[:firebase_auth] AndroidManifest.xml:13:17-82
128            <meta-data
128-->[:firebase_messaging] AndroidManifest.xml:38:13-40:85
129                android:name="com.google.firebase.components:io.flutter.plugins.firebase.messaging.FlutterFirebaseAppRegistrar"
129-->[:firebase_messaging] AndroidManifest.xml:39:17-128
130                android:value="com.google.firebase.components.ComponentRegistrar" />
130-->[:firebase_messaging] AndroidManifest.xml:40:17-82
131            <meta-data
131-->[:firebase_storage] AndroidManifest.xml:11:13-13:85
132                android:name="com.google.firebase.components:io.flutter.plugins.firebase.storage.FlutterFirebaseAppRegistrar"
132-->[:firebase_storage] AndroidManifest.xml:12:17-126
133                android:value="com.google.firebase.components.ComponentRegistrar" />
133-->[:firebase_storage] AndroidManifest.xml:13:17-82
134            <meta-data
134-->[:firebase_core] AndroidManifest.xml:11:13-13:85
135                android:name="com.google.firebase.components:io.flutter.plugins.firebase.core.FlutterFirebaseCoreRegistrar"
135-->[:firebase_core] AndroidManifest.xml:12:17-124
136                android:value="com.google.firebase.components.ComponentRegistrar" />
136-->[:firebase_core] AndroidManifest.xml:13:17-82
137            <meta-data
137-->[com.google.firebase:firebase-analytics-ktx:21.5.1] AndroidManifest.xml:11:13-13:85
138                android:name="com.google.firebase.components:com.google.firebase.analytics.ktx.FirebaseAnalyticsLegacyRegistrar"
138-->[com.google.firebase:firebase-analytics-ktx:21.5.1] AndroidManifest.xml:12:17-129
139                android:value="com.google.firebase.components.ComponentRegistrar" />
139-->[com.google.firebase:firebase-analytics-ktx:21.5.1] AndroidManifest.xml:13:17-82
140            <meta-data
140-->[com.google.firebase:firebase-firestore:24.10.2] AndroidManifest.xml:17:13-19:85
141                android:name="com.google.firebase.components:com.google.firebase.firestore.FirebaseFirestoreKtxRegistrar"
141-->[com.google.firebase:firebase-firestore:24.10.2] AndroidManifest.xml:18:17-122
142                android:value="com.google.firebase.components.ComponentRegistrar" />
142-->[com.google.firebase:firebase-firestore:24.10.2] AndroidManifest.xml:19:17-82
143            <meta-data
143-->[com.google.firebase:firebase-firestore:24.10.2] AndroidManifest.xml:20:13-22:85
144                android:name="com.google.firebase.components:com.google.firebase.firestore.FirestoreRegistrar"
144-->[com.google.firebase:firebase-firestore:24.10.2] AndroidManifest.xml:21:17-111
145                android:value="com.google.firebase.components.ComponentRegistrar" />
145-->[com.google.firebase:firebase-firestore:24.10.2] AndroidManifest.xml:22:17-82
146            <meta-data
146-->[com.google.firebase:firebase-auth:22.3.1] AndroidManifest.xml:69:13-71:85
147                android:name="com.google.firebase.components:com.google.firebase.auth.FirebaseAuthRegistrar"
147-->[com.google.firebase:firebase-auth:22.3.1] AndroidManifest.xml:70:17-109
148                android:value="com.google.firebase.components.ComponentRegistrar" />
148-->[com.google.firebase:firebase-auth:22.3.1] AndroidManifest.xml:71:17-82
149            <meta-data
149-->[com.google.firebase:firebase-messaging-ktx:23.4.1] AndroidManifest.xml:26:13-28:85
150                android:name="com.google.firebase.components:com.google.firebase.messaging.ktx.FirebaseMessagingLegacyRegistrar"
150-->[com.google.firebase:firebase-messaging-ktx:23.4.1] AndroidManifest.xml:27:17-129
151                android:value="com.google.firebase.components.ComponentRegistrar" />
151-->[com.google.firebase:firebase-messaging-ktx:23.4.1] AndroidManifest.xml:28:17-82
152            <meta-data
152-->[com.google.firebase:firebase-iid:21.1.0] AndroidManifest.xml:32:13-34:85
153                android:name="com.google.firebase.components:com.google.firebase.iid.Registrar"
153-->[com.google.firebase:firebase-iid:21.1.0] AndroidManifest.xml:33:17-96
154                android:value="com.google.firebase.components.ComponentRegistrar" />
154-->[com.google.firebase:firebase-iid:21.1.0] AndroidManifest.xml:34:17-82
155            <meta-data
155-->[com.google.firebase:firebase-messaging:23.4.1] AndroidManifest.xml:57:13-59:85
156                android:name="com.google.firebase.components:com.google.firebase.messaging.FirebaseMessagingKtxRegistrar"
156-->[com.google.firebase:firebase-messaging:23.4.1] AndroidManifest.xml:58:17-122
157                android:value="com.google.firebase.components.ComponentRegistrar" />
157-->[com.google.firebase:firebase-messaging:23.4.1] AndroidManifest.xml:59:17-82
158            <meta-data
158-->[com.google.firebase:firebase-messaging:23.4.1] AndroidManifest.xml:60:13-62:85
159                android:name="com.google.firebase.components:com.google.firebase.messaging.FirebaseMessagingRegistrar"
159-->[com.google.firebase:firebase-messaging:23.4.1] AndroidManifest.xml:61:17-119
160                android:value="com.google.firebase.components.ComponentRegistrar" />
160-->[com.google.firebase:firebase-messaging:23.4.1] AndroidManifest.xml:62:17-82
161            <meta-data
161-->[com.google.firebase:firebase-storage:20.3.0] AndroidManifest.xml:30:13-32:85
162                android:name="com.google.firebase.components:com.google.firebase.storage.FirebaseStorageKtxRegistrar"
162-->[com.google.firebase:firebase-storage:20.3.0] AndroidManifest.xml:31:17-118
163                android:value="com.google.firebase.components.ComponentRegistrar" />
163-->[com.google.firebase:firebase-storage:20.3.0] AndroidManifest.xml:32:17-82
164            <meta-data
164-->[com.google.firebase:firebase-storage:20.3.0] AndroidManifest.xml:33:13-35:85
165                android:name="com.google.firebase.components:com.google.firebase.storage.StorageRegistrar"
165-->[com.google.firebase:firebase-storage:20.3.0] AndroidManifest.xml:34:17-107
166                android:value="com.google.firebase.components.ComponentRegistrar" />
166-->[com.google.firebase:firebase-storage:20.3.0] AndroidManifest.xml:35:17-82
167            <meta-data
167-->[com.google.android.gms:play-services-measurement-api:21.5.1] AndroidManifest.xml:37:13-39:85
168                android:name="com.google.firebase.components:com.google.firebase.analytics.connector.internal.AnalyticsConnectorRegistrar"
168-->[com.google.android.gms:play-services-measurement-api:21.5.1] AndroidManifest.xml:38:17-139
169                android:value="com.google.firebase.components.ComponentRegistrar" />
169-->[com.google.android.gms:play-services-measurement-api:21.5.1] AndroidManifest.xml:39:17-82
170            <meta-data
170-->[com.google.firebase:firebase-installations:17.2.0] AndroidManifest.xml:15:13-17:85
171                android:name="com.google.firebase.components:com.google.firebase.installations.FirebaseInstallationsKtxRegistrar"
171-->[com.google.firebase:firebase-installations:17.2.0] AndroidManifest.xml:16:17-130
172                android:value="com.google.firebase.components.ComponentRegistrar" />
172-->[com.google.firebase:firebase-installations:17.2.0] AndroidManifest.xml:17:17-82
173            <meta-data
173-->[com.google.firebase:firebase-installations:17.2.0] AndroidManifest.xml:18:13-20:85
174                android:name="com.google.firebase.components:com.google.firebase.installations.FirebaseInstallationsRegistrar"
174-->[com.google.firebase:firebase-installations:17.2.0] AndroidManifest.xml:19:17-127
175                android:value="com.google.firebase.components.ComponentRegistrar" />
175-->[com.google.firebase:firebase-installations:17.2.0] AndroidManifest.xml:20:17-82
176            <meta-data
176-->[com.google.firebase:firebase-appcheck:17.1.2] AndroidManifest.xml:25:13-27:85
177                android:name="com.google.firebase.components:com.google.firebase.appcheck.FirebaseAppCheckKtxRegistrar"
177-->[com.google.firebase:firebase-appcheck:17.1.2] AndroidManifest.xml:26:17-120
178                android:value="com.google.firebase.components.ComponentRegistrar" />
178-->[com.google.firebase:firebase-appcheck:17.1.2] AndroidManifest.xml:27:17-82
179            <meta-data
179-->[com.google.firebase:firebase-appcheck:17.1.2] AndroidManifest.xml:28:13-30:85
180                android:name="com.google.firebase.components:com.google.firebase.appcheck.FirebaseAppCheckRegistrar"
180-->[com.google.firebase:firebase-appcheck:17.1.2] AndroidManifest.xml:29:17-117
181                android:value="com.google.firebase.components.ComponentRegistrar" />
181-->[com.google.firebase:firebase-appcheck:17.1.2] AndroidManifest.xml:30:17-82
182            <meta-data
182-->[com.google.firebase:firebase-common-ktx:20.4.2] AndroidManifest.xml:12:13-14:85
183                android:name="com.google.firebase.components:com.google.firebase.ktx.FirebaseCommonLegacyRegistrar"
183-->[com.google.firebase:firebase-common-ktx:20.4.2] AndroidManifest.xml:13:17-116
184                android:value="com.google.firebase.components.ComponentRegistrar" />
184-->[com.google.firebase:firebase-common-ktx:20.4.2] AndroidManifest.xml:14:17-82
185            <meta-data
185-->[com.google.firebase:firebase-common:20.4.2] AndroidManifest.xml:35:13-37:85
186                android:name="com.google.firebase.components:com.google.firebase.FirebaseCommonKtxRegistrar"
186-->[com.google.firebase:firebase-common:20.4.2] AndroidManifest.xml:36:17-109
187                android:value="com.google.firebase.components.ComponentRegistrar" />
187-->[com.google.firebase:firebase-common:20.4.2] AndroidManifest.xml:37:17-82
188            <meta-data
188-->[com.google.firebase:firebase-datatransport:18.1.7] AndroidManifest.xml:27:13-29:85
189                android:name="com.google.firebase.components:com.google.firebase.datatransport.TransportRegistrar"
189-->[com.google.firebase:firebase-datatransport:18.1.7] AndroidManifest.xml:28:17-115
190                android:value="com.google.firebase.components.ComponentRegistrar" />
190-->[com.google.firebase:firebase-datatransport:18.1.7] AndroidManifest.xml:29:17-82
191        </service>
192        <service
192-->[:firebase_messaging] AndroidManifest.xml:16:9-19:72
193            android:name="io.flutter.plugins.firebase.messaging.FlutterFirebaseMessagingBackgroundService"
193-->[:firebase_messaging] AndroidManifest.xml:17:13-107
194            android:exported="false"
194-->[:firebase_messaging] AndroidManifest.xml:18:13-37
195            android:permission="android.permission.BIND_JOB_SERVICE" />
195-->[:firebase_messaging] AndroidManifest.xml:19:13-69
196        <service
196-->[:firebase_messaging] AndroidManifest.xml:20:9-26:19
197            android:name="io.flutter.plugins.firebase.messaging.FlutterFirebaseMessagingService"
197-->[:firebase_messaging] AndroidManifest.xml:21:13-97
198            android:exported="false" >
198-->[:firebase_messaging] AndroidManifest.xml:22:13-37
199            <intent-filter>
199-->[:firebase_messaging] AndroidManifest.xml:23:13-25:29
200                <action android:name="com.google.firebase.MESSAGING_EVENT" />
200-->[:firebase_messaging] AndroidManifest.xml:24:17-78
200-->[:firebase_messaging] AndroidManifest.xml:24:25-75
201            </intent-filter>
202        </service>
203
204        <receiver
204-->[:firebase_messaging] AndroidManifest.xml:28:9-35:20
205            android:name="io.flutter.plugins.firebase.messaging.FlutterFirebaseMessagingReceiver"
205-->[:firebase_messaging] AndroidManifest.xml:29:13-98
206            android:exported="true"
206-->[:firebase_messaging] AndroidManifest.xml:30:13-36
207            android:permission="com.google.android.c2dm.permission.SEND" >
207-->[:firebase_messaging] AndroidManifest.xml:31:13-73
208            <intent-filter>
208-->[:firebase_messaging] AndroidManifest.xml:32:13-34:29
209                <action android:name="com.google.android.c2dm.intent.RECEIVE" />
209-->[:firebase_messaging] AndroidManifest.xml:33:17-81
209-->[:firebase_messaging] AndroidManifest.xml:33:25-78
210            </intent-filter>
211        </receiver>
212
213        <provider
213-->[:firebase_messaging] AndroidManifest.xml:43:9-47:38
214            android:name="io.flutter.plugins.firebase.messaging.FlutterFirebaseMessagingInitProvider"
214-->[:firebase_messaging] AndroidManifest.xml:44:13-102
215            android:authorities="com.example.gym.flutterfirebasemessaginginitprovider"
215-->[:firebase_messaging] AndroidManifest.xml:45:13-88
216            android:exported="false"
216-->[:firebase_messaging] AndroidManifest.xml:46:13-37
217            android:initOrder="99" />
217-->[:firebase_messaging] AndroidManifest.xml:47:13-35
218
219        <activity
219-->[:flutter_inappwebview] AndroidManifest.xml:16:9-20:47
220            android:name="com.pichillilorenzo.flutter_inappwebview.in_app_browser.InAppBrowserActivity"
220-->[:flutter_inappwebview] AndroidManifest.xml:17:13-104
221            android:configChanges="orientation|keyboardHidden|keyboard|screenSize|locale|layoutDirection|fontScale|screenLayout|density"
221-->[:flutter_inappwebview] AndroidManifest.xml:18:13-137
222            android:exported="false"
222-->[:flutter_inappwebview] AndroidManifest.xml:19:13-37
223            android:theme="@style/AppTheme" />
223-->[:flutter_inappwebview] AndroidManifest.xml:20:13-44
224        <activity
224-->[:flutter_inappwebview] AndroidManifest.xml:21:9-24:55
225            android:name="com.pichillilorenzo.flutter_inappwebview.chrome_custom_tabs.ChromeCustomTabsActivity"
225-->[:flutter_inappwebview] AndroidManifest.xml:22:13-112
226            android:exported="false"
226-->[:flutter_inappwebview] AndroidManifest.xml:23:13-37
227            android:theme="@style/ThemeTransparent" />
227-->[:flutter_inappwebview] AndroidManifest.xml:24:13-52
228        <activity
228-->[:flutter_inappwebview] AndroidManifest.xml:25:9-28:55
229            android:name="com.pichillilorenzo.flutter_inappwebview.chrome_custom_tabs.TrustedWebActivity"
229-->[:flutter_inappwebview] AndroidManifest.xml:26:13-106
230            android:exported="false"
230-->[:flutter_inappwebview] AndroidManifest.xml:27:13-37
231            android:theme="@style/ThemeTransparent" />
231-->[:flutter_inappwebview] AndroidManifest.xml:28:13-52
232        <activity
232-->[:flutter_inappwebview] AndroidManifest.xml:29:9-33:55
233            android:name="com.pichillilorenzo.flutter_inappwebview.chrome_custom_tabs.ChromeCustomTabsActivitySingleInstance"
233-->[:flutter_inappwebview] AndroidManifest.xml:30:13-126
234            android:exported="false"
234-->[:flutter_inappwebview] AndroidManifest.xml:31:13-37
235            android:launchMode="singleInstance"
235-->[:flutter_inappwebview] AndroidManifest.xml:32:13-48
236            android:theme="@style/ThemeTransparent" />
236-->[:flutter_inappwebview] AndroidManifest.xml:33:13-52
237        <activity
237-->[:flutter_inappwebview] AndroidManifest.xml:34:9-38:55
238            android:name="com.pichillilorenzo.flutter_inappwebview.chrome_custom_tabs.TrustedWebActivitySingleInstance"
238-->[:flutter_inappwebview] AndroidManifest.xml:35:13-120
239            android:exported="false"
239-->[:flutter_inappwebview] AndroidManifest.xml:36:13-37
240            android:launchMode="singleInstance"
240-->[:flutter_inappwebview] AndroidManifest.xml:37:13-48
241            android:theme="@style/ThemeTransparent" />
241-->[:flutter_inappwebview] AndroidManifest.xml:38:13-52
242
243        <receiver
243-->[:flutter_inappwebview] AndroidManifest.xml:40:9-43:40
244            android:name="com.pichillilorenzo.flutter_inappwebview.chrome_custom_tabs.ActionBroadcastReceiver"
244-->[:flutter_inappwebview] AndroidManifest.xml:41:13-111
245            android:enabled="true"
245-->[:flutter_inappwebview] AndroidManifest.xml:42:13-35
246            android:exported="false" />
246-->[:flutter_inappwebview] AndroidManifest.xml:43:13-37
247
248        <meta-data
248-->[:flutter_inappwebview] AndroidManifest.xml:45:9-47:36
249            android:name="io.flutter.embedded_views_preview"
249-->[:flutter_inappwebview] AndroidManifest.xml:46:13-61
250            android:value="true" />
250-->[:flutter_inappwebview] AndroidManifest.xml:47:13-33
251
252        <receiver
252-->[:flutter_local_notifications] AndroidManifest.xml:16:9-18:40
253            android:name="com.dexterous.flutterlocalnotifications.ActionBroadcastReceiver"
253-->[:flutter_local_notifications] AndroidManifest.xml:17:13-91
254            android:exported="false" />
254-->[:flutter_local_notifications] AndroidManifest.xml:18:13-37
255        <receiver
255-->[:flutter_local_notifications] AndroidManifest.xml:19:9-21:40
256            android:name="com.dexterous.flutterlocalnotifications.ScheduledNotificationReceiver"
256-->[:flutter_local_notifications] AndroidManifest.xml:20:13-97
257            android:exported="false" />
257-->[:flutter_local_notifications] AndroidManifest.xml:21:13-37
258        <receiver
258-->[:flutter_local_notifications] AndroidManifest.xml:22:9-31:20
259            android:name="com.dexterous.flutterlocalnotifications.ScheduledNotificationBootReceiver"
259-->[:flutter_local_notifications] AndroidManifest.xml:23:13-101
260            android:exported="false" >
260-->[:flutter_local_notifications] AndroidManifest.xml:24:13-37
261            <intent-filter>
261-->[:flutter_local_notifications] AndroidManifest.xml:25:13-30:29
262                <action android:name="android.intent.action.BOOT_COMPLETED" />
262-->[:flutter_local_notifications] AndroidManifest.xml:26:17-79
262-->[:flutter_local_notifications] AndroidManifest.xml:26:25-76
263                <action android:name="android.intent.action.MY_PACKAGE_REPLACED" />
263-->[:flutter_local_notifications] AndroidManifest.xml:27:17-84
263-->[:flutter_local_notifications] AndroidManifest.xml:27:25-81
264                <action android:name="android.intent.action.QUICKBOOT_POWERON" />
264-->[:flutter_local_notifications] AndroidManifest.xml:28:17-82
264-->[:flutter_local_notifications] AndroidManifest.xml:28:25-79
265                <action android:name="com.htc.intent.action.QUICKBOOT_POWERON" />
265-->[:flutter_local_notifications] AndroidManifest.xml:29:17-82
265-->[:flutter_local_notifications] AndroidManifest.xml:29:25-79
266            </intent-filter>
267        </receiver>
268
269        <provider
269-->[:image_picker_android] AndroidManifest.xml:10:9-18:20
270            android:name="io.flutter.plugins.imagepicker.ImagePickerFileProvider"
270-->[:image_picker_android] AndroidManifest.xml:11:13-82
271            android:authorities="com.example.gym.flutter.image_provider"
271-->[:image_picker_android] AndroidManifest.xml:12:13-74